2019-11-14 15:16:13.530  INFO 15540 --- [restartedMain] c.E.E.EmployedetailApplication           : Starting EmployedetailApplication on DGPT03M2 with PID 15540 (C:\Users\VishnuNair\Downloads\emp-org-chart-working-branch\emp-org-chart-working-branch\target\classes started by VishnuNair in C:\Users\VishnuNair\Downloads\emp-org-chart-working-branch\emp-org-chart-working-branch)
2019-11-14 15:16:13.534 DEBUG 15540 --- [restartedMain] c.E.E.EmployedetailApplication           : Running with Spring Boot v2.1.9.RELEASE, Spring v5.1.10.RELEASE
2019-11-14 15:16:13.534  INFO 15540 --- [restartedMain] c.E.E.EmployedetailApplication           : No active profile set, falling back to default profiles: default
2019-11-14 15:16:13.609  INFO 15540 --- [restartedMain] .e.DevToolsPropertyDefaultsPostProcessor : Devtools property defaults active! Set 'spring.devtools.add-properties' to 'false' to disable
2019-11-14 15:16:13.609  INFO 15540 --- [restartedMain] .e.DevToolsPropertyDefaultsPostProcessor : For additional web related logging consider setting the 'logging.level.web' property to 'DEBUG'
2019-11-14 15:16:14.725  INFO 15540 --- [restartedMain] .s.d.r.c.RepositoryConfigurationDelegate : Bootstrapping Spring Data repositories in DEFAULT mode.
2019-11-14 15:16:14.803  INFO 15540 --- [restartedMain] .s.d.r.c.RepositoryConfigurationDelegate : Finished Spring Data repository scanning in 68ms. Found 2 repository interfaces.
2019-11-14 15:16:15.116  INFO 15540 --- [restartedMain] trationDelegate$BeanPostProcessorChecker : Bean 'org.springframework.transaction.annotation.ProxyTransactionManagementConfiguration' of type [org.springframework.transaction.annotation.ProxyTransactionManagementConfiguration$$EnhancerBySpringCGLIB$$8c96288e] is not eligible for getting processed by all BeanPostProcessors (for example: not eligible for auto-proxying)
2019-11-14 15:16:15.480  INFO 15540 --- [restartedMain] o.s.b.w.embedded.tomcat.TomcatWebServer  : Tomcat initialized with port(s): 8080 (http)
2019-11-14 15:16:15.502  INFO 15540 --- [restartedMain] o.apache.catalina.core.StandardService   : Starting service [Tomcat]
2019-11-14 15:16:15.502  INFO 15540 --- [restartedMain] org.apache.catalina.core.StandardEngine  : Starting Servlet engine: [Apache Tomcat/9.0.26]
2019-11-14 15:16:15.635  INFO 15540 --- [restartedMain] o.a.c.c.C.[Tomcat].[localhost].[/]       : Initializing Spring embedded WebApplicationContext
2019-11-14 15:16:15.636  INFO 15540 --- [restartedMain] o.s.web.context.ContextLoader            : Root WebApplicationContext: initialization completed in 2026 ms
2019-11-14 15:16:15.832  INFO 15540 --- [restartedMain] o.hibernate.jpa.internal.util.LogHelper  : HHH000204: Processing PersistenceUnitInfo [
	name: default
	...]
2019-11-14 15:16:15.942  INFO 15540 --- [restartedMain] org.hibernate.Version                    : HHH000412: Hibernate Core {5.3.12.Final}
2019-11-14 15:16:15.944  INFO 15540 --- [restartedMain] org.hibernate.cfg.Environment            : HHH000206: hibernate.properties not found
2019-11-14 15:16:16.054  INFO 15540 --- [restartedMain] o.hibernate.annotations.common.Version   : HCANN000001: Hibernate Commons Annotations {5.0.4.Final}
2019-11-14 15:16:16.162  INFO 15540 --- [restartedMain] com.zaxxer.hikari.HikariDataSource       : HikariPool-1 - Starting...
2019-11-14 15:16:17.331  INFO 15540 --- [restartedMain] com.zaxxer.hikari.HikariDataSource       : HikariPool-1 - Start completed.
2019-11-14 15:16:17.347  INFO 15540 --- [restartedMain] org.hibernate.dialect.Dialect            : HHH000400: Using dialect: org.hibernate.dialect.MySQL5Dialect
2019-11-14 15:16:18.086 DEBUG 15540 --- [restartedMain] org.hibernate.SQL                        : 
    
    alter table employee 
       add constraint FKsh8gleyvuba7yi2upibmmc2x8 
       foreign key (desgnid) 
       references designation (desgnid)
2019-11-14 15:16:18.134  INFO 15540 --- [restartedMain] j.LocalContainerEntityManagerFactoryBean : Initialized JPA EntityManagerFactory for persistence unit 'default'
2019-11-14 15:16:18.179  INFO 15540 --- [restartedMain] o.s.b.d.a.OptionalLiveReloadServer       : LiveReload server is running on port 35729
2019-11-14 15:16:18.756  WARN 15540 --- [restartedMain] aWebConfiguration$JpaWebMvcConfiguration : spring.jpa.open-in-view is enabled by default. Therefore, database queries may be performed during view rendering. Explicitly configure spring.jpa.open-in-view to disable this warning
2019-11-14 15:16:18.877  INFO 15540 --- [restartedMain] pertySourcedRequestMappingHandlerMapping : Mapped URL path [/v2/api-docs] onto method [public org.springframework.http.ResponseEntity<springfox.documentation.spring.web.json.Json> springfox.documentation.swagger2.web.Swagger2Controller.getDocumentation(java.lang.String,javax.servlet.http.HttpServletRequest)]
2019-11-14 15:16:19.039  INFO 15540 --- [restartedMain] o.s.s.concurrent.ThreadPoolTaskExecutor  : Initializing ExecutorService 'applicationTaskExecutor'
2019-11-14 15:16:19.213  INFO 15540 --- [restartedMain] d.s.w.p.DocumentationPluginsBootstrapper : Context refreshed
2019-11-14 15:16:19.231  INFO 15540 --- [restartedMain] d.s.w.p.DocumentationPluginsBootstrapper : Found 1 custom documentation plugin(s)
2019-11-14 15:16:19.270  INFO 15540 --- [restartedMain] s.d.s.w.s.ApiListingReferenceScanner     : Scanning for api listing references
2019-11-14 15:16:19.613  INFO 15540 --- [restartedMain] o.s.b.w.embedded.tomcat.TomcatWebServer  : Tomcat started on port(s): 8080 (http) with context path ''
2019-11-14 15:16:19.616  INFO 15540 --- [restartedMain] c.E.E.EmployedetailApplication           : Started EmployedetailApplication in 6.505 seconds (JVM running for 8.174)
